<?xml version="1.0" encoding="UTF-8"?>
<!-- Generated by org.testng.reporters.JUnitReportReporter -->
<testsuite hostname="Cruise" failures="0" tests="6" name="com.sk.testngsamples.GroupsAndDependsTest" time="1.018" errors="1" timestamp="02 Oct 2021 06:34:06 GMT" skipped="2">
  <testcase classname="com.sk.testngsamples.GroupsAndDependsTest" name="eTest" time="0.000">
    <skipped/>
  </testcase> <!-- eTest -->
  <testcase classname="com.sk.testngsamples.GroupsAndDependsTest" name="bTest" time="0.008"/>
  <testcase classname="com.sk.testngsamples.GroupsAndDependsTest" name="dTest" time="1.007">
    <error message="Method com.sk.testngsamples.GroupsAndDependsTest.dTest() didn&#039;t finish within the time-out 1000" type="org.testng.internal.thread.ThreadTimeoutException">
      <![CDATA[org.testng.internal.thread.ThreadTimeoutException: Method com.sk.testngsamples.GroupsAndDependsTest.dTest() didn't finish within the time-out 1000
at app//com.sk.testngsamples.GroupsAndDependsTest.dTest(GroupsAndDependsTest.java:33)
at java.base@11/jdk.internal.reflect.NativeMethodAccessorImpl.invoke0(Native Method)
at java.base@11/jdk.internal.reflect.NativeMethodAccessorImpl.invoke(NativeMethodAccessorImpl.java:62)
at java.base@11/jdk.internal.reflect.DelegatingMethodAccessorImpl.invoke(DelegatingMethodAccessorImpl.java:43)
at java.base@11/java.lang.reflect.Method.invoke(Method.java:566)
at app//org.testng.internal.MethodInvocationHelper.invokeMethod(MethodInvocationHelper.java:124)
at app//org.testng.internal.InvokeMethodRunnable.runOne(InvokeMethodRunnable.java:54)
at app//org.testng.internal.InvokeMethodRunnable.run(InvokeMethodRunnable.java:44)
at java.base@11/java.util.concurrent.Executors$RunnableAdapter.call(Executors.java:515)
at java.base@11/java.util.concurrent.FutureTask.run(FutureTask.java:264)
at java.base@11/java.util.concurrent.ThreadPoolExecutor.runWorker(ThreadPoolExecutor.java:1128)
at java.base@11/java.util.concurrent.ThreadPoolExecutor$Worker.run(ThreadPoolExecutor.java:628)
at java.base@11/java.lang.Thread.run(Thread.java:834)
]]>
    </error>
  </testcase> <!-- dTest -->
  <testcase classname="com.sk.testngsamples.GroupsAndDependsTest" name="fTest" time="0.000">
    <skipped/>
  </testcase> <!-- fTest -->
  <testcase classname="com.sk.testngsamples.GroupsAndDependsTest" name="aTest" time="0.001"/>
  <testcase classname="com.sk.testngsamples.GroupsAndDependsTest" name="cTest" time="0.002"/>
</testsuite> <!-- com.sk.testngsamples.GroupsAndDependsTest -->
