<?xml version="1.0" encoding="UTF-8"?>
<!-- Generated by org.testng.reporters.JUnitReportReporter -->
<testsuite hostname="Cruise" failures="0" tests="3" name="com.sk.testngsamples.GroupdAndDependsTest" time="1.017" errors="1" timestamp="02 Oct 2021 06:28:49 GMT" skipped="1">
  <testcase classname="com.sk.testngsamples.GroupdAndDependsTest" name="cTest" time="1.008">
    <error message="Method com.sk.testngsamples.GroupdAndDependsTest.cTest() didn&#039;t finish within the time-out 1000" type="org.testng.internal.thread.ThreadTimeoutException">
      <![CDATA[org.testng.internal.thread.ThreadTimeoutException: Method com.sk.testngsamples.GroupdAndDependsTest.cTest() didn't finish within the time-out 1000
at app//com.sk.testngsamples.GroupdAndDependsTest.cTest(GroupdAndDependsTest.java:24)
at java.base@11/jdk.internal.reflect.NativeMethodAccessorImpl.invoke0(Native Method)
at java.base@11/jdk.internal.reflect.NativeMethodAccessorImpl.invoke(NativeMethodAccessorImpl.java:62)
at java.base@11/jdk.internal.reflect.DelegatingMethodAccessorImpl.invoke(DelegatingMethodAccessorImpl.java:43)
at java.base@11/java.lang.reflect.Method.invoke(Method.java:566)
at app//org.testng.internal.MethodInvocationHelper.invokeMethod(MethodInvocationHelper.java:124)
at app//org.testng.internal.InvokeMethodRunnable.runOne(InvokeMethodRunnable.java:54)
at app//org.testng.internal.InvokeMethodRunnable.run(InvokeMethodRunnable.java:44)
at java.base@11/java.util.concurrent.Executors$RunnableAdapter.call(Executors.java:515)
at java.base@11/java.util.concurrent.FutureTask.run(FutureTask.java:264)
at java.base@11/java.util.concurrent.ThreadPoolExecutor.runWorker(ThreadPoolExecutor.java:1128)
at java.base@11/java.util.concurrent.ThreadPoolExecutor$Worker.run(ThreadPoolExecutor.java:628)
at java.base@11/java.lang.Thread.run(Thread.java:834)
]]>
    </error>
  </testcase> <!-- cTest -->
  <testcase classname="com.sk.testngsamples.GroupdAndDependsTest" name="bTest" time="0.009"/>
  <testcase classname="com.sk.testngsamples.GroupdAndDependsTest" name="aTest" time="0.000">
    <skipped/>
  </testcase> <!-- aTest -->
</testsuite> <!-- com.sk.testngsamples.GroupdAndDependsTest -->
